<?xml version="1.0" encoding="UTF-8"?>
<!-- Generated by org.testng.reporters.JUnitReportReporter -->
<testsuite hostname="STIPL-SMBD0080" failures="0" tests="6" name="api.test.DDTests" time="7.158" errors="0" timestamp="2024-10-29T11:19:22 IST" skipped="0">
  <testcase classname="api.test.DDTests" name="test_PostUser" time="1.125"/>
  <system-out/>
  <testcase classname="api.test.DDTests" name="test_PostUser" time="1.111"/>
  <system-out/>
  <testcase classname="api.test.DDTests" name="test_PostUser" time="2.583"/>
  <system-out/>
  <testcase classname="api.test.DDTests" name="testDeleteUserbyName" time="0.771"/>
  <system-out/>
  <testcase classname="api.test.DDTests" name="testDeleteUserbyName" time="0.795"/>
  <system-out/>
  <testcase classname="api.test.DDTests" name="testDeleteUserbyName" time="0.773"/>
  <system-out/>
</testsuite> <!-- api.test.DDTests -->
