<?xml version="1.0" encoding="UTF-8"?>
<!-- Generated by org.testng.reporters.JUnitReportReporter -->
<testsuite hostname="STIPL-SMBD0080" failures="0" tests="4" name="api.test.UserTest" time="5.879" errors="0" timestamp="2024-10-28T20:25:51 IST" skipped="0">
  <testcase classname="api.test.UserTest" name="test_PostUser" time="2.103"/>
  <system-out/>
  <testcase classname="api.test.UserTest" name="test_GetUser_ByName" time="1.012"/>
  <system-out/>
  <testcase classname="api.test.UserTest" name="test_UpdateUser_ByName" time="1.772"/>
  <system-out/>
  <testcase classname="api.test.UserTest" name="test_DeleteUser_ByName" time="0.992"/>
  <system-out/>
</testsuite> <!-- api.test.UserTest -->
