<?xml version="1.0" encoding="UTF-8"?>
<!-- Generated by org.testng.reporters.JUnitReportReporter -->
<testsuite hostname="STIPL-SMBD0080" failures="0" tests="4" name="api.test.PetTests" time="5.443" errors="0" timestamp="2024-10-29T11:26:04 IST" skipped="0">
  <testcase classname="api.test.PetTests" name="test_PostPet" time="2.122"/>
  <system-out/>
  <testcase classname="api.test.PetTests" name="test_GetPet_ByID" time="0.903"/>
  <system-out/>
  <testcase classname="api.test.PetTests" name="test_UpdatePet_ByID" time="1.545"/>
  <system-out/>
  <testcase classname="api.test.PetTests" name="test_DeletePet_ByID" time="0.873"/>
  <system-out/>
</testsuite> <!-- api.test.PetTests -->
