<?xml version="1.0" encoding="UTF-8"?>
<!-- Generated by org.testng.reporters.JUnitReportReporter -->
<testsuite hostname="STIPL-SMBD0080" failures="0" tests="6" name="api.test.Stores_DDTests" time="7.143" errors="0" timestamp="2024-10-29T12:04:41 IST" skipped="0">
  <testcase classname="api.test.Stores_DDTests" name="test_PostOrder" time="1.034"/>
  <system-out/>
  <testcase classname="api.test.Stores_DDTests" name="test_PostOrder" time="1.025"/>
  <system-out/>
  <testcase classname="api.test.Stores_DDTests" name="test_PostOrder" time="2.642"/>
  <system-out/>
  <testcase classname="api.test.Stores_DDTests" name="testDeleteOrderByID" time="0.662"/>
  <system-out/>
  <testcase classname="api.test.Stores_DDTests" name="testDeleteOrderByID" time="0.905"/>
  <system-out/>
  <testcase classname="api.test.Stores_DDTests" name="testDeleteOrderByID" time="0.875"/>
  <system-out/>
</testsuite> <!-- api.test.Stores_DDTests -->
