<?xml version="1.0" encoding="UTF-8"?>
<!-- Generated by org.testng.reporters.JUnitReportReporter -->
<testsuite hostname="STIPL-SMBD0080" failures="0" tests="4" name="api.test.UserTest2" time="6.411" errors="0" timestamp="2024-10-29T13:19:04 IST" skipped="0">
  <testcase classname="api.test.UserTest2" name="test_PostUser" time="2.656"/>
  <system-out/>
  <testcase classname="api.test.UserTest2" name="test_GetUser_ByName" time="1.006"/>
  <system-out/>
  <testcase classname="api.test.UserTest2" name="test_UpdateUser_ByName" time="1.764"/>
  <system-out/>
  <testcase classname="api.test.UserTest2" name="test_DeleteUser_ByName" time="0.985"/>
  <system-out/>
</testsuite> <!-- api.test.UserTest2 -->
