<?xml version="1.0" encoding="UTF-8"?>
<!-- Generated by org.testng.reporters.JUnitReportReporter -->
<testsuite hostname="STIPL-SMBD0080" failures="0" tests="3" name="api.test.StoreTests" time="4.120" errors="0" timestamp="2024-10-29T11:27:10 IST" skipped="0">
  <testcase classname="api.test.StoreTests" name="test_PostOrder" time="2.345"/>
  <system-out/>
  <testcase classname="api.test.StoreTests" name="test_Getorder_ByorderID" time="0.893"/>
  <system-out/>
  <testcase classname="api.test.StoreTests" name="test_Deleteorder_ByOrderID" time="0.882"/>
  <system-out/>
</testsuite> <!-- api.test.StoreTests -->
