<?xml version="1.0" encoding="UTF-8"?>
<!-- Generated by org.testng.reporters.JUnitReportReporter -->
<testsuite hostname="STIPL-SMBD0080" failures="0" tests="4" name="api.test.UserTest2" time="5.785" errors="0" timestamp="2024-10-29T15:08:25 IST" skipped="0">
  <testcase classname="api.test.UserTest2" name="test_PostUser" time="2.020"/>
  <system-out/>
  <testcase classname="api.test.UserTest2" name="test_GetUser_ByName" time="1.015"/>
  <system-out/>
  <testcase classname="api.test.UserTest2" name="test_UpdateUser_ByName" time="1.766"/>
  <system-out/>
  <testcase classname="api.test.UserTest2" name="test_DeleteUser_ByName" time="0.984"/>
  <system-out/>
</testsuite> <!-- api.test.UserTest2 -->
